Arguments: 
  /Users/mark/.nvm/versions/node/v14.17.0/bin/node /Users/mark/.yarn/bin/yarn.js init

PATH: 
  /Users/mark/.yarn/bin:/Users/mark/.config/yarn/global/node_modules/.bin:/Users/mark/.nvm/versions/node/v14.17.0/bin:/Applications/MAMP/bin/php/php8.0.3/bin:/usr/local/bin:/usr/local/sbin:/usr/bin:/bin:/usr/sbin:/sbin:/usr/local/bin:/opt/X11/bin:/usr/local/git/bin:/usr/texbin:/opt/local/bin:/Applications/MAMP/Library/bin::/usr/local/bin:/usr/bin:/bin:/usr/sbin:/sbin:/usr/local/MacGPG2/bin:/opt/X11/bin:/Library/Apple/usr/bin:/Users/mark/.composer/vendor/bin

Yarn version: 
  1.22.4

Node version: 
  14.17.0

Platform: 
  darwin x64

Trace: 
  Error: canceled
      at Interface.<anonymous> (/Users/mark/.yarn/lib/cli.js:137008:13)
      at Interface.emit (events.js:376:20)
      at Interface._ttyWrite (readline.js:880:16)
      at ReadStream.onkeypress (readline.js:213:10)
      at ReadStream.emit (events.js:376:20)
      at emitKeys (internal/readline/utils.js:345:14)
      at emitKeys.next (<anonymous>)
      at ReadStream.onData (readline.js:1149:36)
      at ReadStream.emit (events.js:376:20)
      at addChunk (internal/streams/readable.js:309:12)

npm manifest: 
  No manifest

yarn manifest: 
  No manifest

Lockfile: 
  No lockfile
